<?xml version="1.0" encoding="UTF-8"?>
<testng-results skipped="0" failed="0" ignored="0" total="1" passed="1">
  <reporter-output>
  </reporter-output>
  <suite name="Default suite" duration-ms="526007" started-at="2020-01-22T18:18:46 IST" finished-at="2020-01-22T18:27:32 IST">
    <groups>
    </groups>
    <test name="Default test" duration-ms="526007" started-at="2020-01-22T18:18:46 IST" finished-at="2020-01-22T18:27:32 IST">
      <class name="read.NewTest">
        <test-method status="PASS" signature="openBrowser()[pri:0, instance:read.NewTest@627551fb]" name="openBrowser" is-config="true" duration-ms="4995" started-at="2020-01-22T18:18:41 IST" finished-at="2020-01-22T18:18:46 IST">
          <reporter-output>
          </reporter-output>
        </test-method> <!-- openBrowser -->
        <test-method status="PASS" signature="maximize()[pri:0, instance:read.NewTest@627551fb]" name="maximize" is-config="true" duration-ms="1147" started-at="2020-01-22T18:18:46 IST" finished-at="2020-01-22T18:18:47 IST">
          <reporter-output>
          </reporter-output>
        </test-method> <!-- maximize -->
        <test-method status="PASS" signature="openUrl()[pri:0, instance:read.NewTest@627551fb]" name="openUrl" is-config="true" duration-ms="3985" started-at="2020-01-22T18:18:47 IST" finished-at="2020-01-22T18:18:51 IST">
          <reporter-output>
          </reporter-output>
        </test-method> <!-- openUrl -->
        <test-method status="PASS" signature="logincheck()[pri:0, instance:read.NewTest@627551fb]" name="logincheck" duration-ms="520774" started-at="2020-01-22T18:18:51 IST" finished-at="2020-01-22T18:27:32 IST">
          <reporter-output>
          </reporter-output>
        </test-method> <!-- logincheck -->
      </class> <!-- read.NewTest -->
    </test> <!-- Default test -->
  </suite> <!-- Default suite -->
</testng-results>
